2022-11-05 23:02:40,307 - INFO - 查询：海
2022-11-06 19:28:05,009 - INFO - 查询：阳
2022-11-06 19:39:35,729 - INFO - 查询：阳
2022-11-06 19:41:10,638 - INFO - 查询：python -u "d:\CodeProgram\python\project1.py"
2022-11-06 19:41:24,379 - INFO - 查询：阳
2022-11-06 19:42:23,555 - INFO - 查询：上海
2022-11-06 19:42:59,446 - INFO - 查询：python -u "d:\CodeProgram\python\project1.py"
2022-11-06 19:46:45,594 - INFO - 查询：阳
2022-11-06 19:47:39,437 - INFO - 查询：阳
2022-11-06 19:48:02,126 - INFO - 查询：辽 海
2022-11-06 19:48:48,311 - INFO - 查询：辽 海
2022-11-06 19:48:59,595 - INFO - 查询：沈阳 上海
2022-11-06 19:49:31,706 - INFO - 查询：上海  辽
2022-11-06 19:55:49,010 - INFO - 查询：上海 辽
2022-11-06 19:57:52,026 - INFO - <class 'str'>
2022-11-06 19:59:29,604 - INFO - 查询：上海 辽
2022-11-06 20:00:43,263 - INFO - 查询：上海
2022-11-06 20:02:25,931 - INFO - 查询：上海
2022-11-06 20:04:35,908 - INFO - 查询：上海
2022-11-06 20:12:48,885 - INFO - 查询：上海 辽
2022-11-06 20:14:14,339 - INFO - 查询：上海
2022-11-06 20:14:40,604 - INFO - 查询：上海 阳
2022-11-06 20:15:07,404 - INFO - 查询：上海 阳
2022-11-06 20:15:24,761 - INFO - 查询：上海 阳
2022-11-06 20:16:05,459 - INFO - 查询：海 阳 广州
2022-11-06 20:17:01,758 - INFO - 查询：广州 海 沈阳
2022-11-06 20:19:26,376 - INFO - 查询：阳 上海 沈阳
2022-11-06 20:23:14,829 - INFO - 查询：海     辽
2022-11-06 20:27:15,872 - INFO - 查询：上海      阳
2022-11-06 20:28:06,039 - INFO - 查询：          上海 沈阳
2022-11-06 20:28:25,631 - INFO - 查询：          上海            沈阳          广州
2022-11-06 20:28:56,641 - INFO - 查询：      上海   省    广
2022-11-06 20:29:11,439 - INFO - 查询：广
2022-11-06 20:29:22,002 - INFO - 查询：广州
2022-11-06 20:29:30,441 - INFO - 查询：广
2022-11-06 20:29:43,327 - INFO - 查询：上
2022-11-06 20:29:52,041 - INFO - 查询：辽
2022-11-06 20:30:30,013 - INFO - 查询：海
2022-11-06 20:30:36,652 - INFO - 查询：上
2022-11-06 20:31:53,757 - INFO - 查询：海
2022-11-06 20:32:01,480 - INFO - 查询：上
2022-11-06 20:36:55,857 - INFO - 查询：上
2022-11-06 20:38:24,789 - INFO - 查询：上海
2022-11-06 20:38:31,943 - INFO - 查询：上
2022-11-06 20:38:47,797 - INFO - 查询：上
2022-11-06 20:43:28,044 - INFO - 查询：上海
2022-11-06 20:43:58,789 - INFO - 查询：           上海              沈阳            湘     州
2022-11-06 20:44:30,299 - INFO - 查询：           上海
2022-11-06 20:49:35,937 - INFO - 查询：           上   
2022-11-06 20:50:31,493 - INFO - 查询：       上   
2022-11-06 20:51:39,572 - INFO - 查询：上
2022-11-06 20:52:26,891 - INFO - 查询：     上  
2022-11-06 20:52:37,455 - INFO - 查询：海
2022-11-06 21:01:52,713 - INFO - <class 'str'>
2022-11-06 21:02:55,034 - INFO - <class 'str'>
2022-11-06 21:08:05,808 - INFO - <class 'str'>
2022-11-06 21:09:36,127 - INFO - <class 'str'>
2022-11-06 21:33:05,018 - INFO - <class 'str'>
2022-11-06 21:34:54,683 - INFO - 查询：   上   海   上海   
2022-11-08 21:04:45,966 - INFO - 上海
2022-11-08 21:07:57,625 - INFO - 上海
2022-11-08 21:08:05,949 - INFO - 上
2022-11-08 21:08:22,383 - INFO -    阳
2022-11-10 21:14:15,157 - INFO - 查询：沈阳
2022-11-10 21:28:33,597 - INFO - 查询：沈
2022-11-10 21:29:30,782 - INFO - 查询：沈阳
2022-11-10 21:37:00,605 - INFO - 查询：沈阳
2022-11-10 21:41:16,870 - INFO - 查询：沈阳
2022-11-10 21:44:24,831 - INFO - 查询：省
2022-11-10 21:44:41,905 - INFO - 查询：省
2022-11-17 20:31:39,772 - INFO - 查询：上海
2022-11-17 20:40:42,814 - INFO - 1
2022-11-17 20:42:33,904 - INFO - python -u "d:\CodeProgram\python\project2.py"
2022-11-17 20:44:43,332 - INFO - 上海
2022-11-17 20:45:02,753 - INFO - 上海
2022-11-17 20:45:37,169 - INFO - 查询：上海
2022-11-17 20:50:25,767 - INFO - 查询：上海
